<?xml version="1.0" encoding="UTF-8"?>
<!-- Generated by org.testng.reporters.JUnitReportReporter -->
<testsuite hostname="TYSS-Amaya" failures="0" tests="1" name="HomePage.abc" time="0.006" errors="0" timestamp="2022-07-02T14:21:56 IST" skipped="0">
  <testcase classname="HomePage.abc" name="login" time="0.006"/>
  <system-out/>
</testsuite> <!-- HomePage.abc -->
