<?xml version="1.0" encoding="UTF-8"?>
<!-- Generated by org.testng.reporters.JUnitReportReporter -->
<testsuite hostname="TYSS-Amaya" failures="0" tests="1" name="HomePage.Menu" time="63.967" errors="0" timestamp="2022-07-04T18:38:06 IST" skipped="0">
  <testcase classname="HomePage.Menu" name="homePagemenu" time="63.967"/>
  <system-out/>
</testsuite> <!-- HomePage.Menu -->
